<?xml version="1.0" encoding="UTF-8"?>
<!-- Generated by org.testng.reporters.JUnitReportReporter -->
<testsuite skipped="0" hostname="PREMANANDRAJA" name="qaclickacademy.appiumTest" tests="2" failures="0" timestamp="2019-11-08T00:26:52 IST" time="0.008" errors="0">
  <testcase name="appweb" time="0.000" classname="qaclickacademy.appiumTest"/>
  <testcase name="appBrow" time="0.008" classname="qaclickacademy.appiumTest"/>
</testsuite> <!-- qaclickacademy.appiumTest -->
