<?xml version="1.0" encoding="UTF-8"?>
<!-- Generated by org.testng.reporters.JUnitReportReporter -->
<testsuite skipped="0" hostname="PREMANANDRAJA" name="qaclickacademy.seleniumTest" tests="2" failures="0" timestamp="2019-11-08T00:26:52 IST" time="0.000" errors="0">
  <testcase name="Brow" time="0.000" classname="qaclickacademy.seleniumTest"/>
  <testcase name="website" time="0.000" classname="qaclickacademy.seleniumTest"/>
</testsuite> <!-- qaclickacademy.seleniumTest -->
