<?xml version="1.0" encoding="UTF-8"?>
<!-- Generated by org.testng.reporters.JUnitReportReporter -->
<testsuite skipped="0" hostname="PREMANANDRAJA" name="qaclickacademy.RestTest" tests="2" failures="0" timestamp="2019-11-08T00:26:52 IST" time="0.002" errors="0">
  <testcase name="Browser" time="0.001" classname="qaclickacademy.RestTest"/>
  <testcase name="web" time="0.001" classname="qaclickacademy.RestTest"/>
</testsuite> <!-- qaclickacademy.RestTest -->
