<?xml version="1.0" encoding="UTF-8"?>
<!-- Generated by org.testng.reporters.JUnitReportReporter -->
<testsuite skipped="0" hostname="PREMANANDRAJA" name="qaclickacademy.AppTest" tests="1" failures="0" timestamp="2019-11-08T00:26:52 IST" time="0.003" errors="0">
  <testcase name="testApp" time="0.003" classname="qaclickacademy.AppTest"/>
</testsuite> <!-- qaclickacademy.AppTest -->
