<?xml version="1.0" encoding="UTF-8"?>
<!-- Generated by org.testng.reporters.JUnitReportReporter -->
<testsuite hostname="PREMANANDRAJA" name="qaclickacademy.appiumTest" tests="2" failures="0" timestamp="7 Nov 2019 19:30:37 GMT" time="0.019" errors="0">
  <testcase name="appweb" time="0.001" classname="qaclickacademy.appiumTest"/>
  <testcase name="appBrow" time="0.018" classname="qaclickacademy.appiumTest"/>
</testsuite> <!-- qaclickacademy.appiumTest -->
