<?xml version="1.0" encoding="UTF-8"?>
<!-- Generated by org.testng.reporters.JUnitReportReporter -->
<testsuite hostname="PREMANANDRAJA" name="qaclickacademy.seleniumTest" tests="2" failures="0" timestamp="7 Nov 2019 19:22:59 GMT" time="0.002" errors="0">
  <testcase name="Brow" time="0.001" classname="qaclickacademy.seleniumTest"/>
  <testcase name="website" time="0.001" classname="qaclickacademy.seleniumTest"/>
</testsuite> <!-- qaclickacademy.seleniumTest -->
