<?xml version="1.0" encoding="UTF-8"?>
<!-- Generated by org.testng.reporters.JUnitReportReporter -->
<testsuite hostname="PREMANANDRAJA" name="qaclickacademy.RestTest" tests="2" failures="0" timestamp="7 Nov 2019 19:22:59 GMT" time="0.003" errors="0">
  <testcase name="Browser" time="0.002" classname="qaclickacademy.RestTest"/>
  <testcase name="web" time="0.001" classname="qaclickacademy.RestTest"/>
</testsuite> <!-- qaclickacademy.RestTest -->
