<?xml version="1.0" encoding="UTF-8"?>
<!-- Generated by org.testng.reporters.JUnitReportReporter -->
<testsuite skipped="0" hostname="PREMANANDRAJA" name="qaclickacademy.appiumTest" tests="2" failures="0" timestamp="2019-11-08T01:18:15 IST" time="0.010" errors="0">
  <testcase name="appweb" time="0.001" classname="qaclickacademy.appiumTest"/>
  <testcase name="appBrow" time="0.009" classname="qaclickacademy.appiumTest"/>
</testsuite> <!-- qaclickacademy.appiumTest -->
